[36m[2025-11-07 02:02:09 DEBUG] [__init__:101][39m ###############################################################################
[36m[2025-11-07 02:02:09 DEBUG] [__init__:102][39m Running command 'validate'
[36m[2025-11-07 02:02:09 DEBUG] [__init__:106][39m Using settings file 'C:\Users\fredh\.chaostoolkit\settings.yaml'
[36m[2025-11-07 02:02:10 DEBUG] [settings:31][39m The Chaos Toolkit settings file could not be found at 'C:\Users\fredh\.chaostoolkit\settings.yaml'.
[36m[2025-11-07 02:02:10 DEBUG] [__init__:472][39m No controls to apply on 'loader'
[36m[2025-11-07 02:02:10 DEBUG] [__init__:472][39m No controls to apply on 'loader'
[36m[2025-11-07 02:02:10 DEBUG] [caching:24][39m Building activity cache...
[36m[2025-11-07 02:02:10 DEBUG] [caching:35][39m Cached 0 activities
[32m[2025-11-07 02:02:10 INFO] [experiment:59][39m Validating the experiment's syntax
[36m[2025-11-07 02:02:10 DEBUG] [caching:42][39m Clearing activities cache
[31m[2025-11-07 02:02:10 ERROR] [validate:46][39m experiment requires a title
[36m[2025-11-07 02:02:10 DEBUG] [validate:47][39m experiment requires a title
[36m[2025-11-07 02:02:42 DEBUG] [__init__:101][39m ###############################################################################
[36m[2025-11-07 02:02:42 DEBUG] [__init__:102][39m Running command 'validate'
[36m[2025-11-07 02:02:42 DEBUG] [__init__:106][39m Using settings file 'C:\Users\fredh\.chaostoolkit\settings.yaml'
[36m[2025-11-07 02:02:43 DEBUG] [settings:31][39m The Chaos Toolkit settings file could not be found at 'C:\Users\fredh\.chaostoolkit\settings.yaml'.
[36m[2025-11-07 02:02:43 DEBUG] [__init__:472][39m No controls to apply on 'loader'
[36m[2025-11-07 02:02:43 DEBUG] [__init__:472][39m No controls to apply on 'loader'
[36m[2025-11-07 02:02:43 DEBUG] [caching:24][39m Building activity cache...
[36m[2025-11-07 02:02:43 DEBUG] [caching:35][39m Cached 1 activities
[32m[2025-11-07 02:02:43 INFO] [experiment:59][39m Validating the experiment's syntax
[36m[2025-11-07 02:02:43 DEBUG] [configuration:64][39m Loading configuration...
[36m[2025-11-07 02:02:43 DEBUG] [secret:79][39m Loading secrets...
[36m[2025-11-07 02:02:43 DEBUG] [secret:104][39m Done loading secrets
[32m[2025-11-07 02:02:43 INFO] [experiment:112][39m Experiment looks valid
[36m[2025-11-07 02:02:43 DEBUG] [caching:42][39m Clearing activities cache
[32m[2025-11-07 02:02:43 INFO] [validate:43][39m experiment syntax and semantic look valid
[36m[2025-11-07 02:02:58 DEBUG] [__init__:101][39m ###############################################################################
[36m[2025-11-07 02:02:58 DEBUG] [__init__:102][39m Running command 'run'
[36m[2025-11-07 02:02:58 DEBUG] [__init__:106][39m Using settings file 'C:\Users\fredh\.chaostoolkit\settings.yaml'
[36m[2025-11-07 02:02:58 DEBUG] [settings:31][39m The Chaos Toolkit settings file could not be found at 'C:\Users\fredh\.chaostoolkit\settings.yaml'.
[36m[2025-11-07 02:02:58 DEBUG] [__init__:472][39m No controls to apply on 'loader'
[36m[2025-11-07 02:02:58 DEBUG] [__init__:472][39m No controls to apply on 'loader'
[36m[2025-11-07 02:02:58 DEBUG] [caching:24][39m Building activity cache...
[36m[2025-11-07 02:02:58 DEBUG] [caching:35][39m Cached 1 activities
[32m[2025-11-07 02:02:58 INFO] [experiment:59][39m Validating the experiment's syntax
[36m[2025-11-07 02:02:58 DEBUG] [configuration:64][39m Loading configuration...
[36m[2025-11-07 02:02:58 DEBUG] [secret:79][39m Loading secrets...
[36m[2025-11-07 02:02:58 DEBUG] [secret:104][39m Done loading secrets
[32m[2025-11-07 02:02:58 INFO] [experiment:112][39m Experiment looks valid
[36m[2025-11-07 02:02:58 DEBUG] [caching:42][39m Clearing activities cache
[36m[2025-11-07 02:02:58 DEBUG] [run:224][39m Runtime strategies: hypothesis - default / rollbacks - default
[36m[2025-11-07 02:02:58 DEBUG] [caching:24][39m Building activity cache...
[36m[2025-11-07 02:02:58 DEBUG] [caching:35][39m Cached 1 activities
[36m[2025-11-07 02:02:58 DEBUG] [configuration:64][39m Loading configuration...
[36m[2025-11-07 02:02:58 DEBUG] [secret:79][39m Loading secrets...
[36m[2025-11-07 02:02:58 DEBUG] [secret:104][39m Done loading secrets
[36m[2025-11-07 02:02:58 DEBUG] [configuration:161][39m Loading dynamic configuration...
[36m[2025-11-07 02:02:59 DEBUG] [exit:91][39m System 'Windows-11-10.0.26200-SP0' does not expose SIGUSR signals
[32m[2025-11-07 02:02:59 INFO] [run:440][39m Running experiment: Check client endpoint returns 200
[36m[2025-11-07 02:02:59 DEBUG] [__init__:67][39m Initializing controls
[32m[2025-11-07 02:02:59 INFO] [run:471][39m Steady-state strategy: default
[32m[2025-11-07 02:02:59 INFO] [run:477][39m Rollbacks strategy: default
[36m[2025-11-07 02:02:59 DEBUG] [__init__:472][39m No controls to apply on 'experiment'
[36m[2025-11-07 02:02:59 DEBUG] [run:654][39m Running steady-state hypothesis before the method
[32m[2025-11-07 02:02:59 INFO] [hypothesis:205][39m Steady state hypothesis: Client should be reachable
[36m[2025-11-07 02:02:59 DEBUG] [__init__:472][39m No controls to apply on 'hypothesis'
[36m[2025-11-07 02:02:59 DEBUG] [__init__:472][39m No controls to apply on 'activity'
[32m[2025-11-07 02:02:59 INFO] [activity:232][39m Probe: client-is-available
[36m[2025-11-07 02:03:03 DEBUG] [activity:317][39m Activity failed
    Traceback (most recent call last):
      File "C:\Users\fredh\.venvs\chaostk\Lib\site-packages\urllib3\connection.py", line 198, in _new_conn
        sock = connection.create_connection(
            (self._dns_host, self.port),
        ...<2 lines>...
            socket_options=self.socket_options,
        )
      File "C:\Users\fredh\.venvs\chaostk\Lib\site-packages\urllib3\util\connection.py", line 85, in create_connection
        raise err
      File "C:\Users\fredh\.venvs\chaostk\Lib\site-packages\urllib3\util\connection.py", line 73, in create_connection
        sock.connect(sa)
        ~~~~~~~~~~~~^^^^
    ConnectionRefusedError: [WinError 10061] No connection could be made because the target machine actively refused it
    
    The above exception was the direct cause of the following exception:
    
    Traceback (most recent call last):
      File "C:\Users\fredh\.venvs\chaostk\Lib\site-packages\urllib3\connectionpool.py", line 787, in urlopen
        response = self._make_request(
            conn,
        ...<10 lines>...
            **response_kw,
        )
      File "C:\Users\fredh\.venvs\chaostk\Lib\site-packages\urllib3\connectionpool.py", line 493, in _make_request
        conn.request(
        ~~~~~~~~~~~~^
            method,
            ^^^^^^^
        ...<6 lines>...
            enforce_content_length=enforce_content_length,
            ^^^^^^^^^^^^^^^^^^^^^^^^^^^^^^^^^^^^^^^^^^^^^^
        )
        ^
      File "C:\Users\fredh\.venvs\chaostk\Lib\site-packages\urllib3\connection.py", line 445, in request
        self.endheaders()
        ~~~~~~~~~~~~~~~^^
      File "C:\Users\fredh\AppData\Local\Programs\Python\Python313\Lib\http\client.py", line 1331, in endheaders
        self._send_output(message_body, encode_chunked=encode_chunked)
        ~~~~~~~~~~~~~~~~~^^^^^^^^^^^^^^^^^^^^^^^^^^^^^^^^^^^^^^^^^^^^^
      File "C:\Users\fredh\AppData\Local\Programs\Python\Python313\Lib\http\client.py", line 1091, in _send_output
        self.send(msg)
        ~~~~~~~~~^^^^^
      File "C:\Users\fredh\AppData\Local\Programs\Python\Python313\Lib\http\client.py", line 1035, in send
        self.connect()
        ~~~~~~~~~~~~^^
      File "C:\Users\fredh\.venvs\chaostk\Lib\site-packages\urllib3\connection.py", line 276, in connect
        self.sock = self._new_conn()
                    ~~~~~~~~~~~~~~^^
      File "C:\Users\fredh\.venvs\chaostk\Lib\site-packages\urllib3\connection.py", line 213, in _new_conn
        raise NewConnectionError(
            self, f"Failed to establish a new connection: {e}"
        ) from e
    urllib3.exceptions.NewConnectionError: <urllib3.connection.HTTPConnection object at 0x00000201F3F68C20>: Failed to establish a new connection: [WinError 10061] No connection could be made because the target machine actively refused it
    
    The above exception was the direct cause of the following exception:
    
    Traceback (most recent call last):
      File "C:\Users\fredh\.venvs\chaostk\Lib\site-packages\requests\adapters.py", line 644, in send
        resp = conn.urlopen(
            method=request.method,
        ...<9 lines>...
            chunked=chunked,
        )
      File "C:\Users\fredh\.venvs\chaostk\Lib\site-packages\urllib3\connectionpool.py", line 841, in urlopen
        retries = retries.increment(
            method, url, error=new_e, _pool=self, _stacktrace=sys.exc_info()[2]
        )
      File "C:\Users\fredh\.venvs\chaostk\Lib\site-packages\urllib3\util\retry.py", line 519, in increment
        raise MaxRetryError(_pool, url, reason) from reason  # type: ignore[arg-type]
        ^^^^^^^^^^^^^^^^^^^^^^^^^^^^^^^^^^^^^^^^^^^^^^^^^^^
    urllib3.exceptions.MaxRetryError: HTTPConnectionPool(host='localhost', port=8081): Max retries exceeded with url: /api/test-retry (Caused by NewConnectionError('<urllib3.connection.HTTPConnection object at 0x00000201F3F68C20>: Failed to establish a new connection: [WinError 10061] No connection could be made because the target machine actively refused it'))
    
    During handling of the above exception, another exception occurred:
    
    Traceback (most recent call last):
      File "C:\Users\fredh\.venvs\chaostk\Lib\site-packages\chaoslib\provider\http.py", line 51, in run_http_activity
        r = s.get(
            url,
        ...<3 lines>...
            verify=verify_tls,
        )
      File "C:\Users\fredh\.venvs\chaostk\Lib\site-packages\requests\sessions.py", line 602, in get
        return self.request("GET", url, **kwargs)
               ~~~~~~~~~~~~^^^^^^^^^^^^^^^^^^^^^^
      File "C:\Users\fredh\.venvs\chaostk\Lib\site-packages\requests\sessions.py", line 589, in request
        resp = self.send(prep, **send_kwargs)
      File "C:\Users\fredh\.venvs\chaostk\Lib\site-packages\requests\sessions.py", line 703, in send
        r = adapter.send(request, **kwargs)
      File "C:\Users\fredh\.venvs\chaostk\Lib\site-packages\requests\adapters.py", line 677, in send
        raise ConnectionError(e, request=request)
    requests.exceptions.ConnectionError: HTTPConnectionPool(host='localhost', port=8081): Max retries exceeded with url: /api/test-retry (Caused by NewConnectionError('<urllib3.connection.HTTPConnection object at 0x00000201F3F68C20>: Failed to establish a new connection: [WinError 10061] No connection could be made because the target machine actively refused it'))
    
    During handling of the above exception, another exception occurred:
    
    Traceback (most recent call last):
      File "C:\Users\fredh\.venvs\chaostk\Lib\site-packages\chaoslib\activity.py", line 314, in run_activity
        result = run_http_activity(activity, configuration, secrets)
      File "C:\Users\fredh\.venvs\chaostk\Lib\site-packages\chaoslib\provider\http.py", line 101, in run_http_activity
        raise ActivityFailed(f"failed to connect to {url}: {str(cex)}")
    chaoslib.exceptions.ActivityFailed: failed to connect to http://localhost:8081/api/test-retry: HTTPConnectionPool(host='localhost', port=8081): Max retries exceeded with url: /api/test-retry (Caused by NewConnectionError('<urllib3.connection.HTTPConnection object at 0x00000201F3F68C20>: Failed to establish a new connection: [WinError 10061] No connection could be made because the target machine actively refused it'))
[31m[2025-11-07 02:03:03 ERROR] [activity:268][39m   => failed: failed to connect to http://localhost:8081/api/test-retry: HTTPConnectionPool(host='localhost', port=8081): Max retries exceeded with url: /api/test-retry (Caused by NewConnectionError('<urllib3.connection.HTTPConnection object at 0x00000201F3F68C20>: Failed to establish a new connection: [WinError 10061] No connection could be made because the target machine actively refused it'))
[36m[2025-11-07 02:03:03 DEBUG] [__init__:472][39m No controls to apply on 'activity'
[33m[2025-11-07 02:03:03 WARNING] [hypothesis:232][39m Probe terminated unexpectedly, so its tolerance could not be validated
[36m[2025-11-07 02:03:03 DEBUG] [__init__:472][39m No controls to apply on 'hypothesis'
[31m[2025-11-07 02:03:03 CRITICAL] [run:674][39m Steady state probe 'client-is-available' is not in the given tolerance so failing this experiment
[32m[2025-11-07 02:03:03 INFO] [run:598][39m Experiment ended with status: failed
[36m[2025-11-07 02:03:03 DEBUG] [__init__:472][39m No controls to apply on 'experiment'
[36m[2025-11-07 02:03:03 DEBUG] [__init__:106][39m Cleaning up controls
[36m[2025-11-07 02:03:03 DEBUG] [caching:42][39m Clearing activities cache
[36m[2025-11-07 02:06:08 DEBUG] [__init__:101][39m ###############################################################################
[36m[2025-11-07 02:06:08 DEBUG] [__init__:102][39m Running command 'validate'
[36m[2025-11-07 02:06:08 DEBUG] [__init__:106][39m Using settings file 'C:\Users\fredh\.chaostoolkit\settings.yaml'
[36m[2025-11-07 02:06:08 DEBUG] [settings:31][39m The Chaos Toolkit settings file could not be found at 'C:\Users\fredh\.chaostoolkit\settings.yaml'.
[36m[2025-11-07 02:06:08 DEBUG] [__init__:472][39m No controls to apply on 'loader'
[36m[2025-11-07 02:06:08 DEBUG] [__init__:472][39m No controls to apply on 'loader'
[36m[2025-11-07 02:06:08 DEBUG] [caching:24][39m Building activity cache...
[36m[2025-11-07 02:06:08 DEBUG] [caching:35][39m Cached 1 activities
[32m[2025-11-07 02:06:08 INFO] [experiment:59][39m Validating the experiment's syntax
[36m[2025-11-07 02:06:08 DEBUG] [configuration:64][39m Loading configuration...
[36m[2025-11-07 02:06:08 DEBUG] [secret:79][39m Loading secrets...
[36m[2025-11-07 02:06:08 DEBUG] [secret:104][39m Done loading secrets
[32m[2025-11-07 02:06:08 INFO] [experiment:112][39m Experiment looks valid
[36m[2025-11-07 02:06:08 DEBUG] [caching:42][39m Clearing activities cache
[32m[2025-11-07 02:06:08 INFO] [validate:43][39m experiment syntax and semantic look valid
[36m[2025-11-07 02:06:14 DEBUG] [__init__:101][39m ###############################################################################
[36m[2025-11-07 02:06:14 DEBUG] [__init__:102][39m Running command 'run'
[36m[2025-11-07 02:06:14 DEBUG] [__init__:106][39m Using settings file 'C:\Users\fredh\.chaostoolkit\settings.yaml'
[36m[2025-11-07 02:06:14 DEBUG] [settings:31][39m The Chaos Toolkit settings file could not be found at 'C:\Users\fredh\.chaostoolkit\settings.yaml'.
[36m[2025-11-07 02:06:14 DEBUG] [__init__:472][39m No controls to apply on 'loader'
[36m[2025-11-07 02:06:14 DEBUG] [__init__:472][39m No controls to apply on 'loader'
[36m[2025-11-07 02:06:14 DEBUG] [caching:24][39m Building activity cache...
[36m[2025-11-07 02:06:14 DEBUG] [caching:35][39m Cached 1 activities
[32m[2025-11-07 02:06:14 INFO] [experiment:59][39m Validating the experiment's syntax
[36m[2025-11-07 02:06:14 DEBUG] [configuration:64][39m Loading configuration...
[36m[2025-11-07 02:06:14 DEBUG] [secret:79][39m Loading secrets...
[36m[2025-11-07 02:06:14 DEBUG] [secret:104][39m Done loading secrets
[32m[2025-11-07 02:06:14 INFO] [experiment:112][39m Experiment looks valid
[36m[2025-11-07 02:06:14 DEBUG] [caching:42][39m Clearing activities cache
[36m[2025-11-07 02:06:14 DEBUG] [run:224][39m Runtime strategies: hypothesis - default / rollbacks - default
[36m[2025-11-07 02:06:14 DEBUG] [caching:24][39m Building activity cache...
[36m[2025-11-07 02:06:14 DEBUG] [caching:35][39m Cached 1 activities
[36m[2025-11-07 02:06:14 DEBUG] [configuration:64][39m Loading configuration...
[36m[2025-11-07 02:06:14 DEBUG] [secret:79][39m Loading secrets...
[36m[2025-11-07 02:06:14 DEBUG] [secret:104][39m Done loading secrets
[36m[2025-11-07 02:06:14 DEBUG] [configuration:161][39m Loading dynamic configuration...
[36m[2025-11-07 02:06:14 DEBUG] [exit:91][39m System 'Windows-11-10.0.26200-SP0' does not expose SIGUSR signals
[32m[2025-11-07 02:06:14 INFO] [run:440][39m Running experiment: Check client endpoint returns 200
[36m[2025-11-07 02:06:14 DEBUG] [__init__:67][39m Initializing controls
[32m[2025-11-07 02:06:14 INFO] [run:471][39m Steady-state strategy: default
[32m[2025-11-07 02:06:14 INFO] [run:477][39m Rollbacks strategy: default
[36m[2025-11-07 02:06:14 DEBUG] [__init__:472][39m No controls to apply on 'experiment'
[36m[2025-11-07 02:06:14 DEBUG] [run:654][39m Running steady-state hypothesis before the method
[32m[2025-11-07 02:06:14 INFO] [hypothesis:205][39m Steady state hypothesis: Client should be reachable
[36m[2025-11-07 02:06:14 DEBUG] [__init__:472][39m No controls to apply on 'hypothesis'
[36m[2025-11-07 02:06:14 DEBUG] [__init__:472][39m No controls to apply on 'activity'
[32m[2025-11-07 02:06:14 INFO] [activity:232][39m Probe: client-is-available
[36m[2025-11-07 02:06:17 DEBUG] [activity:317][39m Activity failed
    Traceback (most recent call last):
      File "C:\Users\fredh\.venvs\chaostk\Lib\site-packages\urllib3\connectionpool.py", line 534, in _make_request
        response = conn.getresponse()
      File "C:\Users\fredh\.venvs\chaostk\Lib\site-packages\urllib3\connection.py", line 516, in getresponse
        httplib_response = super().getresponse()
      File "C:\Users\fredh\AppData\Local\Programs\Python\Python313\Lib\http\client.py", line 1428, in getresponse
        response.begin()
        ~~~~~~~~~~~~~~^^
      File "C:\Users\fredh\AppData\Local\Programs\Python\Python313\Lib\http\client.py", line 331, in begin
        version, status, reason = self._read_status()
                                  ~~~~~~~~~~~~~~~~~^^
      File "C:\Users\fredh\AppData\Local\Programs\Python\Python313\Lib\http\client.py", line 292, in _read_status
        line = str(self.fp.readline(_MAXLINE + 1), "iso-8859-1")
                   ~~~~~~~~~~~~~~~~^^^^^^^^^^^^^^
      File "C:\Users\fredh\AppData\Local\Programs\Python\Python313\Lib\socket.py", line 719, in readinto
        return self._sock.recv_into(b)
               ~~~~~~~~~~~~~~~~~~~~^^^
    TimeoutError: timed out
    
    The above exception was the direct cause of the following exception:
    
    Traceback (most recent call last):
      File "C:\Users\fredh\.venvs\chaostk\Lib\site-packages\requests\adapters.py", line 644, in send
        resp = conn.urlopen(
            method=request.method,
        ...<9 lines>...
            chunked=chunked,
        )
      File "C:\Users\fredh\.venvs\chaostk\Lib\site-packages\urllib3\connectionpool.py", line 841, in urlopen
        retries = retries.increment(
            method, url, error=new_e, _pool=self, _stacktrace=sys.exc_info()[2]
        )
      File "C:\Users\fredh\.venvs\chaostk\Lib\site-packages\urllib3\util\retry.py", line 474, in increment
        raise reraise(type(error), error, _stacktrace)
              ~~~~~~~^^^^^^^^^^^^^^^^^^^^^^^^^^^^^^^^^
      File "C:\Users\fredh\.venvs\chaostk\Lib\site-packages\urllib3\util\util.py", line 39, in reraise
        raise value
      File "C:\Users\fredh\.venvs\chaostk\Lib\site-packages\urllib3\connectionpool.py", line 787, in urlopen
        response = self._make_request(
            conn,
        ...<10 lines>...
            **response_kw,
        )
      File "C:\Users\fredh\.venvs\chaostk\Lib\site-packages\urllib3\connectionpool.py", line 536, in _make_request
        self._raise_timeout(err=e, url=url, timeout_value=read_timeout)
        ~~~~~~~~~~~~~~~~~~~^^^^^^^^^^^^^^^^^^^^^^^^^^^^^^^^^^^^^^^^^^^^
      File "C:\Users\fredh\.venvs\chaostk\Lib\site-packages\urllib3\connectionpool.py", line 367, in _raise_timeout
        raise ReadTimeoutError(
            self, url, f"Read timed out. (read timeout={timeout_value})"
        ) from err
    urllib3.exceptions.ReadTimeoutError: HTTPConnectionPool(host='localhost', port=8081): Read timed out. (read timeout=3)
    
    During handling of the above exception, another exception occurred:
    
    Traceback (most recent call last):
      File "C:\Users\fredh\.venvs\chaostk\Lib\site-packages\chaoslib\provider\http.py", line 51, in run_http_activity
        r = s.get(
            url,
        ...<3 lines>...
            verify=verify_tls,
        )
      File "C:\Users\fredh\.venvs\chaostk\Lib\site-packages\requests\sessions.py", line 602, in get
        return self.request("GET", url, **kwargs)
               ~~~~~~~~~~~~^^^^^^^^^^^^^^^^^^^^^^
      File "C:\Users\fredh\.venvs\chaostk\Lib\site-packages\requests\sessions.py", line 589, in request
        resp = self.send(prep, **send_kwargs)
      File "C:\Users\fredh\.venvs\chaostk\Lib\site-packages\requests\sessions.py", line 703, in send
        r = adapter.send(request, **kwargs)
      File "C:\Users\fredh\.venvs\chaostk\Lib\site-packages\requests\adapters.py", line 690, in send
        raise ReadTimeout(e, request=request)
    requests.exceptions.ReadTimeout: HTTPConnectionPool(host='localhost', port=8081): Read timed out. (read timeout=3)
    
    During handling of the above exception, another exception occurred:
    
    Traceback (most recent call last):
      File "C:\Users\fredh\.venvs\chaostk\Lib\site-packages\chaoslib\activity.py", line 314, in run_activity
        result = run_http_activity(activity, configuration, secrets)
      File "C:\Users\fredh\.venvs\chaostk\Lib\site-packages\chaoslib\provider\http.py", line 103, in run_http_activity
        raise ActivityFailed("activity took too long to complete")
    chaoslib.exceptions.ActivityFailed: activity took too long to complete
[31m[2025-11-07 02:06:18 ERROR] [activity:268][39m   => failed: activity took too long to complete
[36m[2025-11-07 02:06:18 DEBUG] [__init__:472][39m No controls to apply on 'activity'
[33m[2025-11-07 02:06:18 WARNING] [hypothesis:232][39m Probe terminated unexpectedly, so its tolerance could not be validated
[36m[2025-11-07 02:06:18 DEBUG] [__init__:472][39m No controls to apply on 'hypothesis'
[31m[2025-11-07 02:06:18 CRITICAL] [run:674][39m Steady state probe 'client-is-available' is not in the given tolerance so failing this experiment
[32m[2025-11-07 02:06:18 INFO] [run:598][39m Experiment ended with status: failed
[36m[2025-11-07 02:06:18 DEBUG] [__init__:472][39m No controls to apply on 'experiment'
[36m[2025-11-07 02:06:18 DEBUG] [__init__:106][39m Cleaning up controls
[36m[2025-11-07 02:06:18 DEBUG] [caching:42][39m Clearing activities cache
[36m[2025-11-07 02:06:35 DEBUG] [__init__:101][39m ###############################################################################
[36m[2025-11-07 02:06:35 DEBUG] [__init__:102][39m Running command 'run'
[36m[2025-11-07 02:06:35 DEBUG] [__init__:106][39m Using settings file 'C:\Users\fredh\.chaostoolkit\settings.yaml'
[36m[2025-11-07 02:06:36 DEBUG] [settings:31][39m The Chaos Toolkit settings file could not be found at 'C:\Users\fredh\.chaostoolkit\settings.yaml'.
[36m[2025-11-07 02:06:36 DEBUG] [__init__:472][39m No controls to apply on 'loader'
[36m[2025-11-07 02:06:36 DEBUG] [__init__:472][39m No controls to apply on 'loader'
[36m[2025-11-07 02:06:36 DEBUG] [caching:24][39m Building activity cache...
[36m[2025-11-07 02:06:36 DEBUG] [caching:35][39m Cached 1 activities
[32m[2025-11-07 02:06:36 INFO] [experiment:59][39m Validating the experiment's syntax
[36m[2025-11-07 02:06:36 DEBUG] [configuration:64][39m Loading configuration...
[36m[2025-11-07 02:06:36 DEBUG] [secret:79][39m Loading secrets...
[36m[2025-11-07 02:06:36 DEBUG] [secret:104][39m Done loading secrets
[32m[2025-11-07 02:06:36 INFO] [experiment:112][39m Experiment looks valid
[36m[2025-11-07 02:06:36 DEBUG] [caching:42][39m Clearing activities cache
[36m[2025-11-07 02:06:36 DEBUG] [run:224][39m Runtime strategies: hypothesis - default / rollbacks - default
[36m[2025-11-07 02:06:36 DEBUG] [caching:24][39m Building activity cache...
[36m[2025-11-07 02:06:36 DEBUG] [caching:35][39m Cached 1 activities
[36m[2025-11-07 02:06:36 DEBUG] [configuration:64][39m Loading configuration...
[36m[2025-11-07 02:06:36 DEBUG] [secret:79][39m Loading secrets...
[36m[2025-11-07 02:06:36 DEBUG] [secret:104][39m Done loading secrets
[36m[2025-11-07 02:06:36 DEBUG] [configuration:161][39m Loading dynamic configuration...
[36m[2025-11-07 02:06:36 DEBUG] [exit:91][39m System 'Windows-11-10.0.26200-SP0' does not expose SIGUSR signals
[32m[2025-11-07 02:06:36 INFO] [run:440][39m Running experiment: Check client endpoint returns 200
[36m[2025-11-07 02:06:36 DEBUG] [__init__:67][39m Initializing controls
[32m[2025-11-07 02:06:36 INFO] [run:471][39m Steady-state strategy: default
[32m[2025-11-07 02:06:36 INFO] [run:477][39m Rollbacks strategy: default
[36m[2025-11-07 02:06:36 DEBUG] [__init__:472][39m No controls to apply on 'experiment'
[36m[2025-11-07 02:06:36 DEBUG] [run:654][39m Running steady-state hypothesis before the method
[32m[2025-11-07 02:06:36 INFO] [hypothesis:205][39m Steady state hypothesis: Client should be reachable
[36m[2025-11-07 02:06:36 DEBUG] [__init__:472][39m No controls to apply on 'hypothesis'
[36m[2025-11-07 02:06:36 DEBUG] [__init__:472][39m No controls to apply on 'activity'
[32m[2025-11-07 02:06:36 INFO] [activity:232][39m Probe: client-is-available
[36m[2025-11-07 02:06:36 DEBUG] [activity:260][39m   => succeeded with '{'status': 200, 'headers': {'Content-Type': 'text/plain;charset=UTF-8', 'Content-Length': '35', 'Date': 'Fri, 07 Nov 2025 02:06:36 GMT', 'Keep-Alive': 'timeout=60', 'Connection': 'keep-alive'}, 'body': 'Backend response OK at1762481196493'}'
[36m[2025-11-07 02:06:36 DEBUG] [__init__:472][39m No controls to apply on 'activity'
[36m[2025-11-07 02:06:36 DEBUG] [hypothesis:247][39m allowed tolerance is 200
[32m[2025-11-07 02:06:36 INFO] [hypothesis:260][39m Steady state hypothesis is met!
[36m[2025-11-07 02:06:36 DEBUG] [__init__:472][39m No controls to apply on 'hypothesis'
[32m[2025-11-07 02:06:36 INFO] [run:778][39m Playing your experiment's method now...
[36m[2025-11-07 02:06:36 DEBUG] [__init__:472][39m No controls to apply on 'method'
[32m[2025-11-07 02:06:36 INFO] [activity:150][39m No declared activities, let's move on.
[36m[2025-11-07 02:06:36 DEBUG] [__init__:472][39m No controls to apply on 'method'
[36m[2025-11-07 02:06:36 DEBUG] [run:696][39m Running steady-state hypothesis after the method
[32m[2025-11-07 02:06:36 INFO] [hypothesis:205][39m Steady state hypothesis: Client should be reachable
[36m[2025-11-07 02:06:36 DEBUG] [__init__:472][39m No controls to apply on 'hypothesis'
[36m[2025-11-07 02:06:36 DEBUG] [__init__:472][39m No controls to apply on 'activity'
[32m[2025-11-07 02:06:36 INFO] [activity:232][39m Probe: client-is-available
[36m[2025-11-07 02:06:36 DEBUG] [activity:260][39m   => succeeded with '{'status': 200, 'headers': {'Content-Type': 'text/plain;charset=UTF-8', 'Content-Length': '35', 'Date': 'Fri, 07 Nov 2025 02:06:36 GMT', 'Keep-Alive': 'timeout=60', 'Connection': 'keep-alive'}, 'body': 'Backend response OK at1762481196562'}'
[36m[2025-11-07 02:06:36 DEBUG] [__init__:472][39m No controls to apply on 'activity'
[36m[2025-11-07 02:06:36 DEBUG] [hypothesis:247][39m allowed tolerance is 200
[32m[2025-11-07 02:06:36 INFO] [hypothesis:260][39m Steady state hypothesis is met!
[36m[2025-11-07 02:06:36 DEBUG] [__init__:472][39m No controls to apply on 'hypothesis'
[32m[2025-11-07 02:06:36 INFO] [run:1072][39m Let's rollback...
[36m[2025-11-07 02:06:36 DEBUG] [__init__:472][39m No controls to apply on 'rollback'
[32m[2025-11-07 02:06:36 INFO] [rollback:33][39m No declared rollbacks, let's move on.
[36m[2025-11-07 02:06:36 DEBUG] [__init__:472][39m No controls to apply on 'rollback'
[32m[2025-11-07 02:06:36 INFO] [run:598][39m Experiment ended with status: completed
[36m[2025-11-07 02:06:36 DEBUG] [__init__:472][39m No controls to apply on 'experiment'
[36m[2025-11-07 02:06:36 DEBUG] [__init__:106][39m Cleaning up controls
[36m[2025-11-07 02:06:36 DEBUG] [caching:42][39m Clearing activities cache
[36m[2025-11-07 02:07:57 DEBUG] [__init__:101][39m ###############################################################################
[36m[2025-11-07 02:07:57 DEBUG] [__init__:102][39m Running command 'validate'
[36m[2025-11-07 02:07:57 DEBUG] [__init__:106][39m Using settings file 'C:\Users\fredh\.chaostoolkit\settings.yaml'
[36m[2025-11-07 02:07:58 DEBUG] [settings:31][39m The Chaos Toolkit settings file could not be found at 'C:\Users\fredh\.chaostoolkit\settings.yaml'.
[36m[2025-11-07 02:07:58 DEBUG] [__init__:472][39m No controls to apply on 'loader'
[36m[2025-11-07 02:07:58 DEBUG] [__init__:472][39m No controls to apply on 'loader'
[36m[2025-11-07 02:07:58 DEBUG] [caching:24][39m Building activity cache...
[36m[2025-11-07 02:07:58 DEBUG] [caching:35][39m Cached 1 activities
[32m[2025-11-07 02:07:58 INFO] [experiment:59][39m Validating the experiment's syntax
[36m[2025-11-07 02:07:58 DEBUG] [configuration:64][39m Loading configuration...
[36m[2025-11-07 02:07:58 DEBUG] [secret:79][39m Loading secrets...
[36m[2025-11-07 02:07:58 DEBUG] [secret:104][39m Done loading secrets
[32m[2025-11-07 02:07:58 INFO] [experiment:112][39m Experiment looks valid
[36m[2025-11-07 02:07:58 DEBUG] [caching:42][39m Clearing activities cache
[32m[2025-11-07 02:07:58 INFO] [validate:43][39m experiment syntax and semantic look valid
[36m[2025-11-07 02:08:02 DEBUG] [__init__:101][39m ###############################################################################
[36m[2025-11-07 02:08:02 DEBUG] [__init__:102][39m Running command 'run'
[36m[2025-11-07 02:08:02 DEBUG] [__init__:106][39m Using settings file 'C:\Users\fredh\.chaostoolkit\settings.yaml'
[36m[2025-11-07 02:08:03 DEBUG] [settings:31][39m The Chaos Toolkit settings file could not be found at 'C:\Users\fredh\.chaostoolkit\settings.yaml'.
[36m[2025-11-07 02:08:03 DEBUG] [__init__:472][39m No controls to apply on 'loader'
[36m[2025-11-07 02:08:03 DEBUG] [__init__:472][39m No controls to apply on 'loader'
[36m[2025-11-07 02:08:03 DEBUG] [caching:24][39m Building activity cache...
[36m[2025-11-07 02:08:03 DEBUG] [caching:35][39m Cached 1 activities
[32m[2025-11-07 02:08:03 INFO] [experiment:59][39m Validating the experiment's syntax
[36m[2025-11-07 02:08:03 DEBUG] [configuration:64][39m Loading configuration...
[36m[2025-11-07 02:08:03 DEBUG] [secret:79][39m Loading secrets...
[36m[2025-11-07 02:08:03 DEBUG] [secret:104][39m Done loading secrets
[32m[2025-11-07 02:08:03 INFO] [experiment:112][39m Experiment looks valid
[36m[2025-11-07 02:08:03 DEBUG] [caching:42][39m Clearing activities cache
[36m[2025-11-07 02:08:03 DEBUG] [run:224][39m Runtime strategies: hypothesis - default / rollbacks - default
[36m[2025-11-07 02:08:03 DEBUG] [caching:24][39m Building activity cache...
[36m[2025-11-07 02:08:03 DEBUG] [caching:35][39m Cached 1 activities
[36m[2025-11-07 02:08:03 DEBUG] [configuration:64][39m Loading configuration...
[36m[2025-11-07 02:08:03 DEBUG] [secret:79][39m Loading secrets...
[36m[2025-11-07 02:08:03 DEBUG] [secret:104][39m Done loading secrets
[36m[2025-11-07 02:08:03 DEBUG] [configuration:161][39m Loading dynamic configuration...
[36m[2025-11-07 02:08:03 DEBUG] [exit:91][39m System 'Windows-11-10.0.26200-SP0' does not expose SIGUSR signals
[32m[2025-11-07 02:08:03 INFO] [run:440][39m Running experiment: Check client endpoint returns 200
[36m[2025-11-07 02:08:03 DEBUG] [__init__:67][39m Initializing controls
[32m[2025-11-07 02:08:03 INFO] [run:471][39m Steady-state strategy: default
[32m[2025-11-07 02:08:03 INFO] [run:477][39m Rollbacks strategy: default
[36m[2025-11-07 02:08:03 DEBUG] [__init__:472][39m No controls to apply on 'experiment'
[36m[2025-11-07 02:08:03 DEBUG] [run:654][39m Running steady-state hypothesis before the method
[32m[2025-11-07 02:08:03 INFO] [hypothesis:205][39m Steady state hypothesis: Client should be reachable
[36m[2025-11-07 02:08:03 DEBUG] [__init__:472][39m No controls to apply on 'hypothesis'
[36m[2025-11-07 02:08:03 DEBUG] [__init__:472][39m No controls to apply on 'activity'
[32m[2025-11-07 02:08:03 INFO] [activity:232][39m Probe: client-is-available
[36m[2025-11-07 02:08:04 DEBUG] [activity:260][39m   => succeeded with '{'status': 404, 'headers': {'Vary': 'Origin, Access-Control-Request-Method, Access-Control-Request-Headers', 'Content-Type': 'application/json', 'Transfer-Encoding': 'chunked', 'Date': 'Fri, 07 Nov 2025 02:08:04 GMT', 'Keep-Alive': 'timeout=60', 'Connection': 'keep-alive'}, 'body': {'timestamp': '2025-11-07T02:08:03.902+00:00', 'status': 404, 'error': 'Not Found', 'path': '/api/data'}}'
[36m[2025-11-07 02:08:04 DEBUG] [__init__:472][39m No controls to apply on 'activity'
[36m[2025-11-07 02:08:04 DEBUG] [hypothesis:247][39m allowed tolerance is 200
[36m[2025-11-07 02:08:04 DEBUG] [__init__:472][39m No controls to apply on 'hypothesis'
[31m[2025-11-07 02:08:04 CRITICAL] [run:674][39m Steady state probe 'client-is-available' is not in the given tolerance so failing this experiment
[32m[2025-11-07 02:08:04 INFO] [run:1072][39m Let's rollback...
[36m[2025-11-07 02:08:04 DEBUG] [__init__:472][39m No controls to apply on 'rollback'
[32m[2025-11-07 02:08:04 INFO] [rollback:33][39m No declared rollbacks, let's move on.
[36m[2025-11-07 02:08:04 DEBUG] [__init__:472][39m No controls to apply on 'rollback'
[32m[2025-11-07 02:08:04 INFO] [run:598][39m Experiment ended with status: completed
[36m[2025-11-07 02:08:04 DEBUG] [__init__:472][39m No controls to apply on 'experiment'
[36m[2025-11-07 02:08:04 DEBUG] [__init__:106][39m Cleaning up controls
[36m[2025-11-07 02:08:04 DEBUG] [caching:42][39m Clearing activities cache
[36m[2025-11-07 02:08:16 DEBUG] [__init__:101][39m ###############################################################################
[36m[2025-11-07 02:08:16 DEBUG] [__init__:102][39m Running command 'run'
[36m[2025-11-07 02:08:16 DEBUG] [__init__:106][39m Using settings file 'C:\Users\fredh\.chaostoolkit\settings.yaml'
[36m[2025-11-07 02:08:17 DEBUG] [settings:31][39m The Chaos Toolkit settings file could not be found at 'C:\Users\fredh\.chaostoolkit\settings.yaml'.
[36m[2025-11-07 02:08:17 DEBUG] [__init__:472][39m No controls to apply on 'loader'
[36m[2025-11-07 02:08:17 DEBUG] [__init__:472][39m No controls to apply on 'loader'
[36m[2025-11-07 02:08:17 DEBUG] [caching:24][39m Building activity cache...
[36m[2025-11-07 02:08:17 DEBUG] [caching:35][39m Cached 1 activities
[32m[2025-11-07 02:08:17 INFO] [experiment:59][39m Validating the experiment's syntax
[36m[2025-11-07 02:08:17 DEBUG] [configuration:64][39m Loading configuration...
[36m[2025-11-07 02:08:17 DEBUG] [secret:79][39m Loading secrets...
[36m[2025-11-07 02:08:17 DEBUG] [secret:104][39m Done loading secrets
[32m[2025-11-07 02:08:17 INFO] [experiment:112][39m Experiment looks valid
[36m[2025-11-07 02:08:17 DEBUG] [caching:42][39m Clearing activities cache
[36m[2025-11-07 02:08:17 DEBUG] [run:224][39m Runtime strategies: hypothesis - default / rollbacks - default
[36m[2025-11-07 02:08:17 DEBUG] [caching:24][39m Building activity cache...
[36m[2025-11-07 02:08:17 DEBUG] [caching:35][39m Cached 1 activities
[36m[2025-11-07 02:08:17 DEBUG] [configuration:64][39m Loading configuration...
[36m[2025-11-07 02:08:17 DEBUG] [secret:79][39m Loading secrets...
[36m[2025-11-07 02:08:17 DEBUG] [secret:104][39m Done loading secrets
[36m[2025-11-07 02:08:17 DEBUG] [configuration:161][39m Loading dynamic configuration...
[36m[2025-11-07 02:08:17 DEBUG] [exit:91][39m System 'Windows-11-10.0.26200-SP0' does not expose SIGUSR signals
[32m[2025-11-07 02:08:17 INFO] [run:440][39m Running experiment: Check client endpoint returns 200
[36m[2025-11-07 02:08:17 DEBUG] [__init__:67][39m Initializing controls
[32m[2025-11-07 02:08:17 INFO] [run:471][39m Steady-state strategy: default
[32m[2025-11-07 02:08:17 INFO] [run:477][39m Rollbacks strategy: default
[36m[2025-11-07 02:08:17 DEBUG] [__init__:472][39m No controls to apply on 'experiment'
[36m[2025-11-07 02:08:17 DEBUG] [run:654][39m Running steady-state hypothesis before the method
[32m[2025-11-07 02:08:17 INFO] [hypothesis:205][39m Steady state hypothesis: Client should be reachable
[36m[2025-11-07 02:08:17 DEBUG] [__init__:472][39m No controls to apply on 'hypothesis'
[36m[2025-11-07 02:08:17 DEBUG] [__init__:472][39m No controls to apply on 'activity'
[32m[2025-11-07 02:08:17 INFO] [activity:232][39m Probe: client-is-available
[36m[2025-11-07 02:08:17 DEBUG] [activity:260][39m   => succeeded with '{'status': 404, 'headers': {'Vary': 'Origin, Access-Control-Request-Method, Access-Control-Request-Headers', 'Content-Type': 'application/json', 'Transfer-Encoding': 'chunked', 'Date': 'Fri, 07 Nov 2025 02:08:17 GMT', 'Keep-Alive': 'timeout=60', 'Connection': 'keep-alive'}, 'body': {'timestamp': '2025-11-07T02:08:17.471+00:00', 'status': 404, 'error': 'Not Found', 'path': '/api/data'}}'
[36m[2025-11-07 02:08:17 DEBUG] [__init__:472][39m No controls to apply on 'activity'
[36m[2025-11-07 02:08:17 DEBUG] [hypothesis:247][39m allowed tolerance is 200
[36m[2025-11-07 02:08:17 DEBUG] [__init__:472][39m No controls to apply on 'hypothesis'
[31m[2025-11-07 02:08:17 CRITICAL] [run:674][39m Steady state probe 'client-is-available' is not in the given tolerance so failing this experiment
[32m[2025-11-07 02:08:17 INFO] [run:1072][39m Let's rollback...
[36m[2025-11-07 02:08:17 DEBUG] [__init__:472][39m No controls to apply on 'rollback'
[32m[2025-11-07 02:08:17 INFO] [rollback:33][39m No declared rollbacks, let's move on.
[36m[2025-11-07 02:08:17 DEBUG] [__init__:472][39m No controls to apply on 'rollback'
[32m[2025-11-07 02:08:17 INFO] [run:598][39m Experiment ended with status: completed
[36m[2025-11-07 02:08:17 DEBUG] [__init__:472][39m No controls to apply on 'experiment'
[36m[2025-11-07 02:08:17 DEBUG] [__init__:106][39m Cleaning up controls
[36m[2025-11-07 02:08:17 DEBUG] [caching:42][39m Clearing activities cache
[36m[2025-11-07 02:08:53 DEBUG] [__init__:101][39m ###############################################################################
[36m[2025-11-07 02:08:53 DEBUG] [__init__:102][39m Running command 'validate'
[36m[2025-11-07 02:08:53 DEBUG] [__init__:106][39m Using settings file 'C:\Users\fredh\.chaostoolkit\settings.yaml'
[36m[2025-11-07 02:08:53 DEBUG] [settings:31][39m The Chaos Toolkit settings file could not be found at 'C:\Users\fredh\.chaostoolkit\settings.yaml'.
[36m[2025-11-07 02:08:53 DEBUG] [__init__:472][39m No controls to apply on 'loader'
[36m[2025-11-07 02:08:53 DEBUG] [__init__:472][39m No controls to apply on 'loader'
[36m[2025-11-07 02:08:53 DEBUG] [caching:24][39m Building activity cache...
[36m[2025-11-07 02:08:53 DEBUG] [caching:35][39m Cached 1 activities
[32m[2025-11-07 02:08:53 INFO] [experiment:59][39m Validating the experiment's syntax
[36m[2025-11-07 02:08:53 DEBUG] [configuration:64][39m Loading configuration...
[36m[2025-11-07 02:08:53 DEBUG] [secret:79][39m Loading secrets...
[36m[2025-11-07 02:08:53 DEBUG] [secret:104][39m Done loading secrets
[32m[2025-11-07 02:08:53 INFO] [experiment:112][39m Experiment looks valid
[36m[2025-11-07 02:08:53 DEBUG] [caching:42][39m Clearing activities cache
[32m[2025-11-07 02:08:53 INFO] [validate:43][39m experiment syntax and semantic look valid
[36m[2025-11-07 02:08:56 DEBUG] [__init__:101][39m ###############################################################################
[36m[2025-11-07 02:08:56 DEBUG] [__init__:102][39m Running command 'run'
[36m[2025-11-07 02:08:56 DEBUG] [__init__:106][39m Using settings file 'C:\Users\fredh\.chaostoolkit\settings.yaml'
[36m[2025-11-07 02:08:56 DEBUG] [settings:31][39m The Chaos Toolkit settings file could not be found at 'C:\Users\fredh\.chaostoolkit\settings.yaml'.
[36m[2025-11-07 02:08:56 DEBUG] [__init__:472][39m No controls to apply on 'loader'
[36m[2025-11-07 02:08:56 DEBUG] [__init__:472][39m No controls to apply on 'loader'
[36m[2025-11-07 02:08:56 DEBUG] [caching:24][39m Building activity cache...
[36m[2025-11-07 02:08:56 DEBUG] [caching:35][39m Cached 1 activities
[32m[2025-11-07 02:08:56 INFO] [experiment:59][39m Validating the experiment's syntax
[36m[2025-11-07 02:08:56 DEBUG] [configuration:64][39m Loading configuration...
[36m[2025-11-07 02:08:56 DEBUG] [secret:79][39m Loading secrets...
[36m[2025-11-07 02:08:56 DEBUG] [secret:104][39m Done loading secrets
[32m[2025-11-07 02:08:56 INFO] [experiment:112][39m Experiment looks valid
[36m[2025-11-07 02:08:56 DEBUG] [caching:42][39m Clearing activities cache
[36m[2025-11-07 02:08:56 DEBUG] [run:224][39m Runtime strategies: hypothesis - default / rollbacks - default
[36m[2025-11-07 02:08:56 DEBUG] [caching:24][39m Building activity cache...
[36m[2025-11-07 02:08:56 DEBUG] [caching:35][39m Cached 1 activities
[36m[2025-11-07 02:08:56 DEBUG] [configuration:64][39m Loading configuration...
[36m[2025-11-07 02:08:56 DEBUG] [secret:79][39m Loading secrets...
[36m[2025-11-07 02:08:56 DEBUG] [secret:104][39m Done loading secrets
[36m[2025-11-07 02:08:56 DEBUG] [configuration:161][39m Loading dynamic configuration...
[36m[2025-11-07 02:08:57 DEBUG] [exit:91][39m System 'Windows-11-10.0.26200-SP0' does not expose SIGUSR signals
[32m[2025-11-07 02:08:57 INFO] [run:440][39m Running experiment: Check client endpoint returns 200
[36m[2025-11-07 02:08:57 DEBUG] [__init__:67][39m Initializing controls
[32m[2025-11-07 02:08:57 INFO] [run:471][39m Steady-state strategy: default
[32m[2025-11-07 02:08:57 INFO] [run:477][39m Rollbacks strategy: default
[36m[2025-11-07 02:08:57 DEBUG] [__init__:472][39m No controls to apply on 'experiment'
[36m[2025-11-07 02:08:57 DEBUG] [run:654][39m Running steady-state hypothesis before the method
[32m[2025-11-07 02:08:57 INFO] [hypothesis:205][39m Steady state hypothesis: Client should be reachable
[36m[2025-11-07 02:08:57 DEBUG] [__init__:472][39m No controls to apply on 'hypothesis'
[36m[2025-11-07 02:08:57 DEBUG] [__init__:472][39m No controls to apply on 'activity'
[32m[2025-11-07 02:08:57 INFO] [activity:232][39m Probe: client-is-available
[36m[2025-11-07 02:08:57 DEBUG] [activity:260][39m   => succeeded with '{'status': 404, 'headers': {'Vary': 'Origin, Access-Control-Request-Method, Access-Control-Request-Headers', 'Content-Type': 'application/json', 'Transfer-Encoding': 'chunked', 'Date': 'Fri, 07 Nov 2025 02:08:57 GMT', 'Keep-Alive': 'timeout=60', 'Connection': 'keep-alive'}, 'body': {'timestamp': '2025-11-07T02:08:57.122+00:00', 'status': 404, 'error': 'Not Found', 'path': '/api/data'}}'
[36m[2025-11-07 02:08:57 DEBUG] [__init__:472][39m No controls to apply on 'activity'
[36m[2025-11-07 02:08:57 DEBUG] [hypothesis:247][39m allowed tolerance is 200
[36m[2025-11-07 02:08:57 DEBUG] [__init__:472][39m No controls to apply on 'hypothesis'
[31m[2025-11-07 02:08:57 CRITICAL] [run:674][39m Steady state probe 'client-is-available' is not in the given tolerance so failing this experiment
[32m[2025-11-07 02:08:57 INFO] [run:1072][39m Let's rollback...
[36m[2025-11-07 02:08:57 DEBUG] [__init__:472][39m No controls to apply on 'rollback'
[32m[2025-11-07 02:08:57 INFO] [rollback:33][39m No declared rollbacks, let's move on.
[36m[2025-11-07 02:08:57 DEBUG] [__init__:472][39m No controls to apply on 'rollback'
[32m[2025-11-07 02:08:57 INFO] [run:598][39m Experiment ended with status: completed
[36m[2025-11-07 02:08:57 DEBUG] [__init__:472][39m No controls to apply on 'experiment'
[36m[2025-11-07 02:08:57 DEBUG] [__init__:106][39m Cleaning up controls
[36m[2025-11-07 02:08:57 DEBUG] [caching:42][39m Clearing activities cache
[36m[2025-11-07 02:09:11 DEBUG] [__init__:101][39m ###############################################################################
[36m[2025-11-07 02:09:11 DEBUG] [__init__:102][39m Running command 'validate'
[36m[2025-11-07 02:09:11 DEBUG] [__init__:106][39m Using settings file 'C:\Users\fredh\.chaostoolkit\settings.yaml'
[36m[2025-11-07 02:09:11 DEBUG] [settings:31][39m The Chaos Toolkit settings file could not be found at 'C:\Users\fredh\.chaostoolkit\settings.yaml'.
[36m[2025-11-07 02:09:11 DEBUG] [__init__:472][39m No controls to apply on 'loader'
[36m[2025-11-07 02:09:11 DEBUG] [__init__:472][39m No controls to apply on 'loader'
[36m[2025-11-07 02:09:11 DEBUG] [caching:24][39m Building activity cache...
[36m[2025-11-07 02:09:11 DEBUG] [caching:35][39m Cached 1 activities
[32m[2025-11-07 02:09:11 INFO] [experiment:59][39m Validating the experiment's syntax
[36m[2025-11-07 02:09:11 DEBUG] [configuration:64][39m Loading configuration...
[36m[2025-11-07 02:09:11 DEBUG] [secret:79][39m Loading secrets...
[36m[2025-11-07 02:09:11 DEBUG] [secret:104][39m Done loading secrets
[32m[2025-11-07 02:09:11 INFO] [experiment:112][39m Experiment looks valid
[36m[2025-11-07 02:09:11 DEBUG] [caching:42][39m Clearing activities cache
[32m[2025-11-07 02:09:11 INFO] [validate:43][39m experiment syntax and semantic look valid
[36m[2025-11-07 02:09:15 DEBUG] [__init__:101][39m ###############################################################################
[36m[2025-11-07 02:09:15 DEBUG] [__init__:102][39m Running command 'run'
[36m[2025-11-07 02:09:15 DEBUG] [__init__:106][39m Using settings file 'C:\Users\fredh\.chaostoolkit\settings.yaml'
[36m[2025-11-07 02:09:15 DEBUG] [settings:31][39m The Chaos Toolkit settings file could not be found at 'C:\Users\fredh\.chaostoolkit\settings.yaml'.
[36m[2025-11-07 02:09:15 DEBUG] [__init__:472][39m No controls to apply on 'loader'
[36m[2025-11-07 02:09:15 DEBUG] [__init__:472][39m No controls to apply on 'loader'
[36m[2025-11-07 02:09:15 DEBUG] [caching:24][39m Building activity cache...
[36m[2025-11-07 02:09:15 DEBUG] [caching:35][39m Cached 1 activities
[32m[2025-11-07 02:09:15 INFO] [experiment:59][39m Validating the experiment's syntax
[36m[2025-11-07 02:09:15 DEBUG] [configuration:64][39m Loading configuration...
[36m[2025-11-07 02:09:15 DEBUG] [secret:79][39m Loading secrets...
[36m[2025-11-07 02:09:15 DEBUG] [secret:104][39m Done loading secrets
[32m[2025-11-07 02:09:15 INFO] [experiment:112][39m Experiment looks valid
[36m[2025-11-07 02:09:15 DEBUG] [caching:42][39m Clearing activities cache
[36m[2025-11-07 02:09:15 DEBUG] [run:224][39m Runtime strategies: hypothesis - default / rollbacks - default
[36m[2025-11-07 02:09:15 DEBUG] [caching:24][39m Building activity cache...
[36m[2025-11-07 02:09:15 DEBUG] [caching:35][39m Cached 1 activities
[36m[2025-11-07 02:09:15 DEBUG] [configuration:64][39m Loading configuration...
[36m[2025-11-07 02:09:15 DEBUG] [secret:79][39m Loading secrets...
[36m[2025-11-07 02:09:15 DEBUG] [secret:104][39m Done loading secrets
[36m[2025-11-07 02:09:15 DEBUG] [configuration:161][39m Loading dynamic configuration...
[36m[2025-11-07 02:09:15 DEBUG] [exit:91][39m System 'Windows-11-10.0.26200-SP0' does not expose SIGUSR signals
[32m[2025-11-07 02:09:15 INFO] [run:440][39m Running experiment: Check client endpoint returns 200
[36m[2025-11-07 02:09:15 DEBUG] [__init__:67][39m Initializing controls
[32m[2025-11-07 02:09:15 INFO] [run:471][39m Steady-state strategy: default
[32m[2025-11-07 02:09:15 INFO] [run:477][39m Rollbacks strategy: default
[36m[2025-11-07 02:09:15 DEBUG] [__init__:472][39m No controls to apply on 'experiment'
[36m[2025-11-07 02:09:15 DEBUG] [run:654][39m Running steady-state hypothesis before the method
[32m[2025-11-07 02:09:15 INFO] [hypothesis:205][39m Steady state hypothesis: Client should be reachable
[36m[2025-11-07 02:09:15 DEBUG] [__init__:472][39m No controls to apply on 'hypothesis'
[36m[2025-11-07 02:09:15 DEBUG] [__init__:472][39m No controls to apply on 'activity'
[32m[2025-11-07 02:09:15 INFO] [activity:232][39m Probe: client-is-available
[36m[2025-11-07 02:09:16 DEBUG] [activity:260][39m   => succeeded with '{'status': 200, 'headers': {'Content-Type': 'text/plain;charset=UTF-8', 'Content-Length': '35', 'Date': 'Fri, 07 Nov 2025 02:09:16 GMT', 'Keep-Alive': 'timeout=60', 'Connection': 'keep-alive'}, 'body': 'Backend response OK at1762481356271'}'
[36m[2025-11-07 02:09:16 DEBUG] [__init__:472][39m No controls to apply on 'activity'
[36m[2025-11-07 02:09:16 DEBUG] [hypothesis:247][39m allowed tolerance is 200
[32m[2025-11-07 02:09:16 INFO] [hypothesis:260][39m Steady state hypothesis is met!
[36m[2025-11-07 02:09:16 DEBUG] [__init__:472][39m No controls to apply on 'hypothesis'
[32m[2025-11-07 02:09:16 INFO] [run:778][39m Playing your experiment's method now...
[36m[2025-11-07 02:09:16 DEBUG] [__init__:472][39m No controls to apply on 'method'
[32m[2025-11-07 02:09:16 INFO] [activity:150][39m No declared activities, let's move on.
[36m[2025-11-07 02:09:16 DEBUG] [__init__:472][39m No controls to apply on 'method'
[36m[2025-11-07 02:09:16 DEBUG] [run:696][39m Running steady-state hypothesis after the method
[32m[2025-11-07 02:09:16 INFO] [hypothesis:205][39m Steady state hypothesis: Client should be reachable
[36m[2025-11-07 02:09:16 DEBUG] [__init__:472][39m No controls to apply on 'hypothesis'
[36m[2025-11-07 02:09:16 DEBUG] [__init__:472][39m No controls to apply on 'activity'
[32m[2025-11-07 02:09:16 INFO] [activity:232][39m Probe: client-is-available
[36m[2025-11-07 02:09:16 DEBUG] [activity:260][39m   => succeeded with '{'status': 200, 'headers': {'Content-Type': 'text/plain;charset=UTF-8', 'Content-Length': '35', 'Date': 'Fri, 07 Nov 2025 02:09:16 GMT', 'Keep-Alive': 'timeout=60', 'Connection': 'keep-alive'}, 'body': 'Backend response OK at1762481356358'}'
[36m[2025-11-07 02:09:16 DEBUG] [__init__:472][39m No controls to apply on 'activity'
[36m[2025-11-07 02:09:16 DEBUG] [hypothesis:247][39m allowed tolerance is 200
[32m[2025-11-07 02:09:16 INFO] [hypothesis:260][39m Steady state hypothesis is met!
[36m[2025-11-07 02:09:16 DEBUG] [__init__:472][39m No controls to apply on 'hypothesis'
[32m[2025-11-07 02:09:16 INFO] [run:1072][39m Let's rollback...
[36m[2025-11-07 02:09:16 DEBUG] [__init__:472][39m No controls to apply on 'rollback'
[32m[2025-11-07 02:09:16 INFO] [rollback:33][39m No declared rollbacks, let's move on.
[36m[2025-11-07 02:09:16 DEBUG] [__init__:472][39m No controls to apply on 'rollback'
[32m[2025-11-07 02:09:16 INFO] [run:598][39m Experiment ended with status: completed
[36m[2025-11-07 02:09:16 DEBUG] [__init__:472][39m No controls to apply on 'experiment'
[36m[2025-11-07 02:09:16 DEBUG] [__init__:106][39m Cleaning up controls
[36m[2025-11-07 02:09:16 DEBUG] [caching:42][39m Clearing activities cache
[36m[2025-11-07 02:20:06 DEBUG] [__init__:101][39m ###############################################################################
[36m[2025-11-07 02:20:06 DEBUG] [__init__:102][39m Running command 'validate'
[36m[2025-11-07 02:20:06 DEBUG] [__init__:106][39m Using settings file 'C:\Users\fredh\.chaostoolkit\settings.yaml'
[36m[2025-11-07 02:20:06 DEBUG] [settings:31][39m The Chaos Toolkit settings file could not be found at 'C:\Users\fredh\.chaostoolkit\settings.yaml'.
[36m[2025-11-07 02:20:06 DEBUG] [__init__:472][39m No controls to apply on 'loader'
[36m[2025-11-07 02:20:06 DEBUG] [__init__:472][39m No controls to apply on 'loader'
[36m[2025-11-07 02:20:06 DEBUG] [caching:24][39m Building activity cache...
[36m[2025-11-07 02:20:06 DEBUG] [caching:35][39m Cached 1 activities
[32m[2025-11-07 02:20:06 INFO] [experiment:59][39m Validating the experiment's syntax
[36m[2025-11-07 02:20:06 DEBUG] [configuration:64][39m Loading configuration...
[36m[2025-11-07 02:20:06 DEBUG] [secret:79][39m Loading secrets...
[36m[2025-11-07 02:20:06 DEBUG] [secret:104][39m Done loading secrets
[36m[2025-11-07 02:20:06 DEBUG] [caching:42][39m Clearing activities cache
[31m[2025-11-07 02:20:06 ERROR] [validate:46][39m could not find Python module 'chaosk8s_network.actions' in activity 'block-network'
[36m[2025-11-07 02:20:06 DEBUG] [validate:47][39m could not find Python module 'chaosk8s_network.actions' in activity 'block-network'
[36m[2025-11-07 02:24:08 DEBUG] [__init__:101][39m ###############################################################################
[36m[2025-11-07 02:24:08 DEBUG] [__init__:102][39m Running command 'validate'
[36m[2025-11-07 02:24:08 DEBUG] [__init__:106][39m Using settings file 'C:\Users\fredh\.chaostoolkit\settings.yaml'
[36m[2025-11-07 02:24:09 DEBUG] [settings:31][39m The Chaos Toolkit settings file could not be found at 'C:\Users\fredh\.chaostoolkit\settings.yaml'.
[36m[2025-11-07 02:24:09 DEBUG] [__init__:472][39m No controls to apply on 'loader'
[36m[2025-11-07 02:24:09 DEBUG] [__init__:472][39m No controls to apply on 'loader'
[36m[2025-11-07 02:24:09 DEBUG] [caching:24][39m Building activity cache...
[36m[2025-11-07 02:24:09 DEBUG] [caching:35][39m Cached 0 activities
[32m[2025-11-07 02:24:09 INFO] [experiment:59][39m Validating the experiment's syntax
[36m[2025-11-07 02:24:09 DEBUG] [caching:42][39m Clearing activities cache
[31m[2025-11-07 02:24:09 ERROR] [validate:46][39m experiment requires a title
[36m[2025-11-07 02:24:09 DEBUG] [validate:47][39m experiment requires a title
[36m[2025-11-07 02:26:56 DEBUG] [__init__:101][39m ###############################################################################
[36m[2025-11-07 02:26:56 DEBUG] [__init__:102][39m Running command 'validate'
[36m[2025-11-07 02:26:56 DEBUG] [__init__:106][39m Using settings file 'C:\Users\fredh\.chaostoolkit\settings.yaml'
[36m[2025-11-07 02:26:57 DEBUG] [settings:31][39m The Chaos Toolkit settings file could not be found at 'C:\Users\fredh\.chaostoolkit\settings.yaml'.
[36m[2025-11-07 02:26:57 DEBUG] [__init__:472][39m No controls to apply on 'loader'
[36m[2025-11-07 02:26:57 DEBUG] [__init__:472][39m No controls to apply on 'loader'
[36m[2025-11-07 02:26:57 DEBUG] [caching:24][39m Building activity cache...
[36m[2025-11-07 02:26:57 DEBUG] [caching:35][39m Cached 3 activities
[32m[2025-11-07 02:26:57 INFO] [experiment:59][39m Validating the experiment's syntax
[36m[2025-11-07 02:26:57 DEBUG] [configuration:64][39m Loading configuration...
[36m[2025-11-07 02:26:57 DEBUG] [secret:79][39m Loading secrets...
[36m[2025-11-07 02:26:57 DEBUG] [secret:104][39m Done loading secrets
[36m[2025-11-07 02:26:59 DEBUG] [caching:42][39m Clearing activities cache
[31m[2025-11-07 02:26:59 ERROR] [validate:46][39m The python module 'chaosk8s.pod.actions' does not expose a function called 'kill_pods' in action 'delete-backend-pod'
[36m[2025-11-07 02:26:59 DEBUG] [validate:47][39m The python module 'chaosk8s.pod.actions' does not expose a function called 'kill_pods' in action 'delete-backend-pod'
[36m[2025-11-07 02:32:01 DEBUG] [__init__:101][39m ###############################################################################
[36m[2025-11-07 02:32:01 DEBUG] [__init__:102][39m Running command 'validate'
[36m[2025-11-07 02:32:01 DEBUG] [__init__:106][39m Using settings file 'C:\Users\fredh\.chaostoolkit\settings.yaml'
[36m[2025-11-07 02:32:02 DEBUG] [settings:31][39m The Chaos Toolkit settings file could not be found at 'C:\Users\fredh\.chaostoolkit\settings.yaml'.
[36m[2025-11-07 02:32:02 DEBUG] [__init__:472][39m No controls to apply on 'loader'
[36m[2025-11-07 02:32:02 DEBUG] [__init__:472][39m No controls to apply on 'loader'
[36m[2025-11-07 02:32:02 DEBUG] [caching:24][39m Building activity cache...
[36m[2025-11-07 02:32:02 DEBUG] [caching:35][39m Cached 3 activities
[32m[2025-11-07 02:32:02 INFO] [experiment:59][39m Validating the experiment's syntax
[36m[2025-11-07 02:32:02 DEBUG] [configuration:64][39m Loading configuration...
[36m[2025-11-07 02:32:02 DEBUG] [secret:79][39m Loading secrets...
[36m[2025-11-07 02:32:02 DEBUG] [secret:104][39m Done loading secrets
[36m[2025-11-07 02:32:05 DEBUG] [caching:42][39m Clearing activities cache
[31m[2025-11-07 02:32:05 ERROR] [validate:46][39m The python module 'chaosk8s.pod.probes' does not expose a function called 'pod_is_running' in probe 'backend-recovers'
[36m[2025-11-07 02:32:05 DEBUG] [validate:47][39m The python module 'chaosk8s.pod.probes' does not expose a function called 'pod_is_running' in probe 'backend-recovers'
[36m[2025-11-07 02:35:03 DEBUG] [__init__:101][39m ###############################################################################
[36m[2025-11-07 02:35:03 DEBUG] [__init__:102][39m Running command 'validate'
[36m[2025-11-07 02:35:03 DEBUG] [__init__:106][39m Using settings file 'C:\Users\fredh\.chaostoolkit\settings.yaml'
[36m[2025-11-07 02:35:04 DEBUG] [settings:31][39m The Chaos Toolkit settings file could not be found at 'C:\Users\fredh\.chaostoolkit\settings.yaml'.
[36m[2025-11-07 02:35:04 DEBUG] [__init__:472][39m No controls to apply on 'loader'
[36m[2025-11-07 02:35:04 DEBUG] [__init__:472][39m No controls to apply on 'loader'
[36m[2025-11-07 02:35:04 DEBUG] [caching:24][39m Building activity cache...
[36m[2025-11-07 02:35:04 DEBUG] [caching:35][39m Cached 3 activities
[32m[2025-11-07 02:35:04 INFO] [experiment:59][39m Validating the experiment's syntax
[36m[2025-11-07 02:35:04 DEBUG] [configuration:64][39m Loading configuration...
[36m[2025-11-07 02:35:04 DEBUG] [secret:79][39m Loading secrets...
[36m[2025-11-07 02:35:04 DEBUG] [secret:104][39m Done loading secrets
[32m[2025-11-07 02:35:06 INFO] [experiment:112][39m Experiment looks valid
[36m[2025-11-07 02:35:06 DEBUG] [caching:42][39m Clearing activities cache
[32m[2025-11-07 02:35:06 INFO] [validate:43][39m experiment syntax and semantic look valid
[36m[2025-11-07 02:35:18 DEBUG] [__init__:101][39m ###############################################################################
[36m[2025-11-07 02:35:18 DEBUG] [__init__:102][39m Running command 'run'
[36m[2025-11-07 02:35:18 DEBUG] [__init__:106][39m Using settings file 'C:\Users\fredh\.chaostoolkit\settings.yaml'
[36m[2025-11-07 02:35:18 DEBUG] [settings:31][39m The Chaos Toolkit settings file could not be found at 'C:\Users\fredh\.chaostoolkit\settings.yaml'.
[36m[2025-11-07 02:35:18 DEBUG] [__init__:472][39m No controls to apply on 'loader'
[36m[2025-11-07 02:35:18 DEBUG] [__init__:472][39m No controls to apply on 'loader'
[36m[2025-11-07 02:35:18 DEBUG] [caching:24][39m Building activity cache...
[36m[2025-11-07 02:35:18 DEBUG] [caching:35][39m Cached 3 activities
[32m[2025-11-07 02:35:18 INFO] [experiment:59][39m Validating the experiment's syntax
[36m[2025-11-07 02:35:18 DEBUG] [configuration:64][39m Loading configuration...
[36m[2025-11-07 02:35:18 DEBUG] [secret:79][39m Loading secrets...
[36m[2025-11-07 02:35:18 DEBUG] [secret:104][39m Done loading secrets
[32m[2025-11-07 02:35:19 INFO] [experiment:112][39m Experiment looks valid
[36m[2025-11-07 02:35:19 DEBUG] [caching:42][39m Clearing activities cache
[36m[2025-11-07 02:35:19 DEBUG] [run:224][39m Runtime strategies: hypothesis - default / rollbacks - default
[36m[2025-11-07 02:35:19 DEBUG] [caching:24][39m Building activity cache...
[36m[2025-11-07 02:35:19 DEBUG] [caching:35][39m Cached 3 activities
[36m[2025-11-07 02:35:19 DEBUG] [configuration:64][39m Loading configuration...
[36m[2025-11-07 02:35:19 DEBUG] [secret:79][39m Loading secrets...
[36m[2025-11-07 02:35:19 DEBUG] [secret:104][39m Done loading secrets
[36m[2025-11-07 02:35:19 DEBUG] [configuration:161][39m Loading dynamic configuration...
[36m[2025-11-07 02:35:19 DEBUG] [exit:91][39m System 'Windows-11-10.0.26200-SP0' does not expose SIGUSR signals
[32m[2025-11-07 02:35:19 INFO] [run:440][39m Running experiment: Delete Backend Pod to Test Resilience
[36m[2025-11-07 02:35:19 DEBUG] [__init__:67][39m Initializing controls
[32m[2025-11-07 02:35:19 INFO] [run:471][39m Steady-state strategy: default
[32m[2025-11-07 02:35:19 INFO] [run:477][39m Rollbacks strategy: default
[36m[2025-11-07 02:35:19 DEBUG] [__init__:472][39m No controls to apply on 'experiment'
[36m[2025-11-07 02:35:19 DEBUG] [run:654][39m Running steady-state hypothesis before the method
[32m[2025-11-07 02:35:19 INFO] [hypothesis:205][39m Steady state hypothesis: Client should remain responsive
[36m[2025-11-07 02:35:19 DEBUG] [__init__:472][39m No controls to apply on 'hypothesis'
[36m[2025-11-07 02:35:19 DEBUG] [__init__:472][39m No controls to apply on 'activity'
[32m[2025-11-07 02:35:19 INFO] [activity:232][39m Probe: client-returns-200
[36m[2025-11-07 02:35:20 DEBUG] [activity:260][39m   => succeeded with '{'status': 200, 'headers': {'Content-Type': 'text/plain;charset=UTF-8', 'Content-Length': '35', 'Date': 'Fri, 07 Nov 2025 02:35:20 GMT', 'Keep-Alive': 'timeout=60', 'Connection': 'keep-alive'}, 'body': 'Backend response OK at1762482919983'}'
[36m[2025-11-07 02:35:20 DEBUG] [__init__:472][39m No controls to apply on 'activity'
[36m[2025-11-07 02:35:20 DEBUG] [hypothesis:247][39m allowed tolerance is 200
[32m[2025-11-07 02:35:20 INFO] [hypothesis:260][39m Steady state hypothesis is met!
[36m[2025-11-07 02:35:20 DEBUG] [__init__:472][39m No controls to apply on 'hypothesis'
[32m[2025-11-07 02:35:20 INFO] [run:778][39m Playing your experiment's method now...
[36m[2025-11-07 02:35:20 DEBUG] [__init__:472][39m No controls to apply on 'method'
[36m[2025-11-07 02:35:20 DEBUG] [__init__:472][39m No controls to apply on 'activity'
[32m[2025-11-07 02:35:20 INFO] [activity:232][39m Action: delete-backend-pod
[36m[2025-11-07 02:35:20 DEBUG] [python:33][39m Activity 'delete-backend-pod' loaded from 'C:\Users\fredh\.venvs\chaostk\Lib\site-packages\chaosk8s\pod\actions.py'
[36m[2025-11-07 02:35:20 DEBUG] [__init__:79][39m Using Kubernetes context 'default' from config 'C:\Users\fredh/.kube/config'
[36m[2025-11-07 02:35:20 DEBUG] [actions:236][39m Found 1 pods labelled 'app=backend' in ns default
[36m[2025-11-07 02:35:20 DEBUG] [activity:260][39m   => succeeded with '['backend-5846b68bdc-p8fh7']'
[36m[2025-11-07 02:35:20 DEBUG] [__init__:472][39m No controls to apply on 'activity'
[36m[2025-11-07 02:35:20 DEBUG] [__init__:472][39m No controls to apply on 'activity'
[32m[2025-11-07 02:35:20 INFO] [activity:232][39m Probe: backend-recovers
[36m[2025-11-07 02:35:20 DEBUG] [python:33][39m Activity 'backend-recovers' loaded from 'C:\Users\fredh\.venvs\chaostk\Lib\site-packages\chaosk8s\pod\probes.py'
[36m[2025-11-07 02:35:20 DEBUG] [__init__:79][39m Using Kubernetes context 'default' from config 'C:\Users\fredh/.kube/config'
[36m[2025-11-07 02:35:20 DEBUG] [probes:110][39m Found 1 pods matching label 'app=backend' in ns 'default'
[36m[2025-11-07 02:35:20 DEBUG] [activity:260][39m   => succeeded with 'True'
[36m[2025-11-07 02:35:20 DEBUG] [__init__:472][39m No controls to apply on 'activity'
[36m[2025-11-07 02:35:20 DEBUG] [__init__:472][39m No controls to apply on 'method'
[36m[2025-11-07 02:35:20 DEBUG] [run:696][39m Running steady-state hypothesis after the method
[32m[2025-11-07 02:35:20 INFO] [hypothesis:205][39m Steady state hypothesis: Client should remain responsive
[36m[2025-11-07 02:35:20 DEBUG] [__init__:472][39m No controls to apply on 'hypothesis'
[36m[2025-11-07 02:35:20 DEBUG] [__init__:472][39m No controls to apply on 'activity'
[32m[2025-11-07 02:35:20 INFO] [activity:232][39m Probe: client-returns-200
[36m[2025-11-07 02:35:20 DEBUG] [activity:260][39m   => succeeded with '{'status': 200, 'headers': {'Content-Type': 'text/plain;charset=UTF-8', 'Content-Length': '35', 'Date': 'Fri, 07 Nov 2025 02:35:20 GMT', 'Keep-Alive': 'timeout=60', 'Connection': 'keep-alive'}, 'body': 'Backend response OK at1762482920298'}'
[36m[2025-11-07 02:35:20 DEBUG] [__init__:472][39m No controls to apply on 'activity'
[36m[2025-11-07 02:35:20 DEBUG] [hypothesis:247][39m allowed tolerance is 200
[32m[2025-11-07 02:35:20 INFO] [hypothesis:260][39m Steady state hypothesis is met!
[36m[2025-11-07 02:35:20 DEBUG] [__init__:472][39m No controls to apply on 'hypothesis'
[32m[2025-11-07 02:35:20 INFO] [run:1072][39m Let's rollback...
[36m[2025-11-07 02:35:20 DEBUG] [__init__:472][39m No controls to apply on 'rollback'
[32m[2025-11-07 02:35:20 INFO] [rollback:33][39m No declared rollbacks, let's move on.
[36m[2025-11-07 02:35:20 DEBUG] [__init__:472][39m No controls to apply on 'rollback'
[32m[2025-11-07 02:35:20 INFO] [run:598][39m Experiment ended with status: completed
[36m[2025-11-07 02:35:20 DEBUG] [__init__:472][39m No controls to apply on 'experiment'
[36m[2025-11-07 02:35:20 DEBUG] [__init__:106][39m Cleaning up controls
[36m[2025-11-07 02:35:20 DEBUG] [caching:42][39m Clearing activities cache
